<?xml version="1.0" encoding="UTF-8"?>
<!-- Generated by org.testng.reporters.JUnitReportReporter -->
<testsuite hostname="LAPTOP-RI2RILOO" failures="0" tests="2" name="testng.dependson_method" time="0.012" errors="0" timestamp="2023-09-05T16:47:06 IST" skipped="0">
  <testcase classname="testng.dependson_method" name="login" time="0.011"/>
  <system-out>
    <![CDATA[i am login]]>
  </system-out>
  <testcase classname="testng.dependson_method" name="logout" time="0.001"/>
  <system-out>
    <![CDATA[i am logout]]>
  </system-out>
</testsuite> <!-- testng.dependson_method -->
