<?xml version="1.0" encoding="UTF-8"?>
<!-- Generated by org.testng.reporters.JUnitReportReporter -->
<testsuite hostname="LAPTOP-RI2RILOO" failures="0" tests="3" name="batch_execution.sample3" time="0.004" errors="0" timestamp="2023-09-06T09:04:57 IST" skipped="0">
  <testcase classname="batch_execution.sample3" name="tc8" time="0.002"/>
  <system-out>
    <![CDATA[==hi i am tc8]]>
  </system-out>
  <testcase classname="batch_execution.sample3" name="tc9" time="0.001"/>
  <system-out>
    <![CDATA[==hi i am tc9]]>
  </system-out>
  <testcase classname="batch_execution.sample3" name="tc7" time="0.001"/>
  <system-out>
    <![CDATA[==hi i am tc7]]>
  </system-out>
</testsuite> <!-- batch_execution.sample3 -->
