<?xml version="1.0" encoding="UTF-8"?>
<!-- Generated by org.testng.reporters.JUnitReportReporter -->
<testsuite hostname="LAPTOP-RI2RILOO" failures="0" tests="6" name="testng.priority" time="0.018" errors="0" timestamp="2023-09-05T14:06:08 IST" skipped="0">
  <testcase classname="testng.priority" name="c1" time="0.002"/>
  <system-out>
    <![CDATA[hi]]>
  </system-out>
  <testcase classname="testng.priority" name="c1" time="0.012"/>
  <system-out>
    <![CDATA[hi]]>
  </system-out>
  <testcase classname="testng.priority" name="c1" time="0.001"/>
  <system-out>
    <![CDATA[hi]]>
  </system-out>
  <testcase classname="testng.priority" name="c1" time="0.001"/>
  <system-out>
    <![CDATA[hi]]>
  </system-out>
  <testcase classname="testng.priority" name="c1" time="0.002"/>
  <system-out>
    <![CDATA[hi]]>
  </system-out>
  <testcase classname="testng.priority" name="c2" time="0.000"/>
  <system-out>
    <![CDATA[hello]]>
  </system-out>
</testsuite> <!-- testng.priority -->
