<?xml version="1.0" encoding="UTF-8"?>
<!-- Generated by org.testng.reporters.JUnitReportReporter -->
<testsuite hostname="LAPTOP-RI2RILOO" failures="0" tests="1" name="testng_flags.times_out" time="0.014" errors="0" timestamp="2023-09-06T09:25:10 IST" skipped="0">
  <testcase classname="testng_flags.times_out" name="login" time="0.014"/>
  <system-out>
    <![CDATA[i am login]]>
  </system-out>
</testsuite> <!-- testng_flags.times_out -->
