<?xml version="1.0" encoding="UTF-8"?>
<!-- Generated by org.testng.reporters.JUnitReportReporter -->
<testsuite hostname="LAPTOP-RI2RILOO" failures="0" tests="7" name="testng.Ng" time="0.021" errors="0" timestamp="2023-09-02T14:25:20 IST" skipped="0">
  <testcase classname="testng.Ng" name="j" time="0.011"/>
  <system-out>
    <![CDATA[case1]]>
  </system-out>
  <testcase classname="testng.Ng" name="j" time="0.002"/>
  <system-out>
    <![CDATA[case1]]>
  </system-out>
  <testcase classname="testng.Ng" name="j" time="0.001"/>
  <system-out>
    <![CDATA[case1]]>
  </system-out>
  <testcase classname="testng.Ng" name="j" time="0.001"/>
  <system-out>
    <![CDATA[case1]]>
  </system-out>
  <testcase classname="testng.Ng" name="j2" time="0.002"/>
  <system-out>
    <![CDATA[case3]]>
  </system-out>
  <testcase classname="testng.Ng" name="j" time="0.001"/>
  <system-out>
    <![CDATA[case1]]>
  </system-out>
  <testcase classname="testng.Ng" name="j1" time="0.003"/>
  <system-out>
    <![CDATA[case2]]>
  </system-out>
</testsuite> <!-- testng.Ng -->
