<?xml version="1.0" encoding="UTF-8"?>
<!-- Generated by org.testng.reporters.JUnitReportReporter -->
<testsuite hostname="LAPTOP-RI2RILOO" failures="0" tests="2" name="testng_flags.enabled_keyword" time="0.012" errors="0" timestamp="2023-09-06T09:20:19 IST" skipped="1">
  <testcase classname="testng_flags.enabled_keyword" name="logout" time="0.012"/>
  <system-out>
    <![CDATA[i am logout]]>
  </system-out>
  <testcase classname="testng_flags.enabled_keyword" name="login">
    <skipped/>
  </testcase> <!-- login -->
  <system-out/>
</testsuite> <!-- testng_flags.enabled_keyword -->
