<?xml version="1.0" encoding="UTF-8"?>
<!-- Generated by org.testng.reporters.JUnitReportReporter -->
<testsuite hostname="LAPTOP-RI2RILOO" failures="0" tests="3" name="batch_execution.sample2" time="0.021" errors="0" timestamp="2023-09-06T09:04:57 IST" skipped="0">
  <testcase classname="batch_execution.sample2" name="tc6" time="0.002"/>
  <system-out>
    <![CDATA[==hi i am tc6]]>
  </system-out>
  <testcase classname="batch_execution.sample2" name="tc4" time="0.018"/>
  <system-out>
    <![CDATA[==hi i am tc4]]>
  </system-out>
  <testcase classname="batch_execution.sample2" name="tc5" time="0.001"/>
  <system-out>
    <![CDATA[==hi i am tc5]]>
  </system-out>
</testsuite> <!-- batch_execution.sample2 -->
