<?xml version="1.0" encoding="UTF-8"?>
<!-- Generated by org.testng.reporters.JUnitReportReporter -->
<testsuite hostname="LAPTOP-RI2RILOO" failures="0" tests="3" name="batch_execution.sample1" time="0.004" errors="0" timestamp="2023-09-06T09:04:57 IST" skipped="0">
  <testcase classname="batch_execution.sample1" name="tc1" time="0.002"/>
  <system-out>
    <![CDATA[==hi i am tc1]]>
  </system-out>
  <testcase classname="batch_execution.sample1" name="tc3" time="0.001"/>
  <system-out>
    <![CDATA[==hi i am tc3]]>
  </system-out>
  <testcase classname="batch_execution.sample1" name="tc2" time="0.001"/>
  <system-out>
    <![CDATA[==hi i am tc2]]>
  </system-out>
</testsuite> <!-- batch_execution.sample1 -->
